<?xml version="1.0" encoding="UTF-8"?>
<!-- Generated by org.testng.reporters.JUnitReportReporter -->
<testsuite skipped="0" hostname="DESKTOP-NF4FA9N" name="test.LogInTest" tests="1" failures="0" timestamp="2020-09-19T15:32:26 CDT" time="9.417" errors="0">
  <testcase name="logIn" time="9.417" classname="test.LogInTest"/>
  <system-out/>
</testsuite> <!-- test.LogInTest -->
