<?xml version="1.0" encoding="UTF-8"?>
<!-- Generated by org.testng.reporters.JUnitReportReporter -->
<testsuite skipped="0" hostname="DESKTOP-NF4FA9N" name="test.AddCustomerTest" tests="1" failures="0" timestamp="2020-09-20T13:20:45 CDT" time="15.499" errors="0">
  <testcase name="addCustomerlogIn" time="15.499" classname="test.AddCustomerTest"/>
  <system-out/>
</testsuite> <!-- test.AddCustomerTest -->
